Arguments: 
  C:\Program Files\nodejs\node.exe C:\Program Files (x86)\Yarn\bin\yarn.js add dexie

PATH: 
  D:\learn\indexdb\node_modules\.bin;C:\Program Files (x86)\Common Files\Oracle\Java\javapath;C:\Program Files\ImageMagick-7.0.1-Q16;C:\ProgramData\Oracle\Java\javapath;C:\Program Files (x86)\Intel\iCLS Client\;C:\Program Files\Intel\iCLS Client\;C:\Windows\system32;C:\Windows;C:\Windows\System32\Wbem;C:\Windows\System32\WindowsPowerShell\v1.0\;C:\Program Files (x86)\Acer\abFiles\;C:\Program Files\Intel\Intel(R) Management Engine Components\DAL;C:\Program Files\Intel\Intel(R) Management Engine Components\IPT;C:\Program Files (x86)\Intel\Intel(R) Management Engine Components\DAL;C:\Program Files (x86)\Intel\Intel(R) Management Engine Components\IPT；C:\Users\Hexl\AppData\Local\GitHub\PortableGit_c2ba306e536fdf878271f7fe636a147ff37326ad\bin;:\mysql\mysql-5.6.17-winx64\bin;C:\Program Files (x86)\NVIDIA Corporation\PhysX\Common;C:\WINDOWS\system32;C:\WINDOWS;C:\WINDOWS\System32\Wbem;C:\WINDOWS\System32\WindowsPowerShell\v1.0\;C:\Program Files\TortoiseSVN\bin;d:\Program Files\OpenVPN\bin;C:\Program Files\PuTTY\;C:\Program Files\nodejs\;C:\Program Files (x86)\Yarn\bin\;C:\WINDOWS\System32\OpenSSH\;C:\Program Files\Git\cmd;D:\mysql\mysql-5.6.17-winx64\bin;C:\python3;;C:\Program Files\Dart\dart-sdk\bin;C:\Users\Hexl\AppData\Local\Microsoft\WindowsApps;;C:\Program Files (x86)\SSH Communications Security\SSH Secure Shell;C:\Users\Hexl\AppData\Roaming\npm;C:\Users\Hexl\AppData\Local\Yarn\bin;C:\Program Files\JetBrains\WebStorm 2018.3.5\bin;

Yarn version: 
  1.7.0

Node version: 
  8.11.2

Platform: 
  win32 x64

Trace: 
  Error: connect ETIMEDOUT 104.16.20.35:80
      at Object._errnoException (util.js:992:11)
      at _exceptionWithHostPort (util.js:1014:20)
      at TCPConnectWrap.afterConnect [as oncomplete] (net.js:1186:14)

npm manifest: 
  {
    "name": "untitled",
    "version": "0.0.0",
    "private": true,
    "scripts": {
      "start": "node ./bin/www"
    },
    "dependencies": {
      "axios": "^0.18.0",
      "cookie-parser": "~1.4.3",
      "debug": "~2.6.9",
      "express": "~4.16.0",
      "http-errors": "~1.6.2",
      "localforage": "^1.7.3",
      "lodash": "^4.17.11",
      "morgan": "~1.9.0",
      "node-sass-middleware": "0.11.0",
      "pug": "2.0.0-beta11",
      "vue": "^2.6.10"
    }
  }

yarn manifest: 
  No manifest

Lockfile: 
  No lockfile
